<?xml version="1.0" encoding="UTF-8"?>
<testsuites name="Testzz" time="76.993" tests="1" failures="0" errors="0">
   <testsuite name="Testzz" tests="1" failures="0" errors="0" time="76.993" skipped="0" timestamp="2023-07-17 14:00:31" hostname="User - DESKTOP-77N3O6U.realtek" id="Test Suites/Testzz">
      <properties>
         <property name="deviceName" value="samsung SM-N981B (Android 13)"/>
         <property name="devicePlatform" value=""/>
         <property name="logFolder" value="C:\\Users\\User\\git\\automationtesting\\Reports\\20230717_140023\\Testzz\\20230717_140023"/>
         <property name="logFiles" value="C:\\Users\\User\\git\\automationtesting\\Reports\\20230717_140023\\Testzz\\20230717_140023\\appium.log, C:\\Users\\User\\git\\automationtesting\\Reports\\20230717_140023\\Testzz\\20230717_140023\\execution0.log"/>
         <property name="attachments" value=""/>
         <property name="hostName" value="User - DESKTOP-77N3O6U.realtek"/>
         <property name="os" value="Windows 11 64bit"/>
         <property name="appiumServerStatus" value="{&quot;value&quot;:{&quot;build&quot;:{&quot;version&quot;:&quot;1.22.0&quot;}},&quot;sessionId&quot;:null,&quot;status&quot;:0}"/>
         <property name="katalonVersion" value="8.6.5.208"/>
         <property name="deviceOS" value="Android"/>
         <property name="appiumVersion" value="1.22.0"/>
         <property name="deviceModel" value="SM-N981B"/>
         <property name="hostAddress" value="192.168.1.82"/>
         <property name="deviceManufacturer" value="samsung"/>
         <property name="deviceId" value="RFCN80BXRCY"/>
         <property name="deviceName" value="samsung SM-N981B (Android 13)"/>
         <property name="deviceOSVersion" value="13"/>
      </properties>
      <testcase name="Test Cases/Login Successfully" time="76.506" classname="Test Cases/Login Successfully" status="PASSED">
         <system-out><![CDATA[2023-07-17 14:00:31 - [TEST_CASE][PASSED] - Test Cases/Login Successfully: Test Cases/Login Successfully

2023-07-17 14:00:32 - [TEST_STEP][PASSED] - startApplication("C:\Users\User\Downloads\4.0.52.apk", true): Started app at: 'C:\Users\User\Downloads\4.0.52.apk'

2023-07-17 14:00:33 - [MESSAGE][INFO] - Detected NodeJS location: "C:\Program Files\nodejs\node.exe"

2023-07-17 14:00:34 - [MESSAGE][INFO] - Appium server started on port 62,560

2023-07-17 14:01:26 - [MESSAGE][PASSED] - Started app at: 'C:\Users\User\Downloads\4.0.52.apk'

2023-07-17 14:01:26 - [TEST_STEP][PASSED] - tap(findTestObject("Object Repository/UAT Test/android.widget.TextView - I have an account"), 0): Tapped on element 'Object Repository/UAT Test/android.widget.TextView - I have an account'

2023-07-17 14:01:26 - [MESSAGE][WARNING] - Timeout '0' is invalid. Using default page load timeout: '30'

2023-07-17 14:01:29 - [MESSAGE][PASSED] - Tapped on element 'Object Repository/UAT Test/android.widget.TextView - I have an account'

2023-07-17 14:01:29 - [TEST_STEP][PASSED] - setText(findTestObject("Object Repository/UAT Test/android.widget.EditText - Email"), "uatdemo3@ramssol.com", 0): Text 'uatdemo3@ramssol.com' has been set to element 'Object Repository/UAT Test/android.widget.EditText - Email'

2023-07-17 14:01:29 - [MESSAGE][WARNING] - Timeout '0' is invalid. Using default page load timeout: '30'

2023-07-17 14:01:32 - [MESSAGE][PASSED] - Text 'uatdemo3@ramssol.com' has been set to element 'Object Repository/UAT Test/android.widget.EditText - Email'

2023-07-17 14:01:32 - [TEST_STEP][PASSED] - setText(findTestObject("Object Repository/UAT Test/android.widget.EditText - Password"), "Password01", 0): Text 'Password01' has been set to element 'Object Repository/UAT Test/android.widget.EditText - Password'

2023-07-17 14:01:32 - [MESSAGE][WARNING] - Timeout '0' is invalid. Using default page load timeout: '30'

2023-07-17 14:01:33 - [MESSAGE][PASSED] - Text 'Password01' has been set to element 'Object Repository/UAT Test/android.widget.EditText - Password'

2023-07-17 14:01:33 - [TEST_STEP][PASSED] - tap(findTestObject("Object Repository/UAT Test/android.widget.Button - Log In"), 0): Tapped on element 'Object Repository/UAT Test/android.widget.Button - Log In'

2023-07-17 14:01:33 - [MESSAGE][WARNING] - Timeout '0' is invalid. Using default page load timeout: '30'

2023-07-17 14:01:34 - [MESSAGE][PASSED] - Tapped on element 'Object Repository/UAT Test/android.widget.Button - Log In'

2023-07-17 14:01:34 - [TEST_STEP][PASSED] - tap(findTestObject("Object Repository/UAT Test/android.widget.Button - Cancel"), 0): Tapped on element 'Object Repository/UAT Test/android.widget.Button - Cancel'

2023-07-17 14:01:34 - [MESSAGE][WARNING] - Timeout '0' is invalid. Using default page load timeout: '30'

2023-07-17 14:01:40 - [MESSAGE][PASSED] - Tapped on element 'Object Repository/UAT Test/android.widget.Button - Cancel'

2023-07-17 14:01:40 - [TEST_STEP][PASSED] - tap(findTestObject("Object Repository/UAT Test/android.widget.ImageView"), 0): Tapped on element 'Object Repository/UAT Test/android.widget.ImageView'

2023-07-17 14:01:40 - [MESSAGE][WARNING] - Timeout '0' is invalid. Using default page load timeout: '30'

2023-07-17 14:01:41 - [MESSAGE][PASSED] - Tapped on element 'Object Repository/UAT Test/android.widget.ImageView'

2023-07-17 14:01:41 - [TEST_STEP][PASSED] - scrollToText("Log Out"): Scrolling to text 'Log Out' successfully

2023-07-17 14:01:45 - [MESSAGE][PASSED] - Scrolling to text 'Log Out' successfully

2023-07-17 14:01:45 - [TEST_STEP][PASSED] - tap(findTestObject("Object Repository/UAT Test/android.widget.TextView - Log Out"), 0): Tapped on element 'Object Repository/UAT Test/android.widget.TextView - Log Out'

2023-07-17 14:01:45 - [MESSAGE][WARNING] - Timeout '0' is invalid. Using default page load timeout: '30'

2023-07-17 14:01:45 - [MESSAGE][PASSED] - Tapped on element 'Object Repository/UAT Test/android.widget.TextView - Log Out'

2023-07-17 14:01:45 - [TEST_STEP][PASSED] - tap(findTestObject("Object Repository/UAT Test/android.widget.TextView - Yes"), 0): Tapped on element 'Object Repository/UAT Test/android.widget.TextView - Yes'

2023-07-17 14:01:45 - [MESSAGE][WARNING] - Timeout '0' is invalid. Using default page load timeout: '30'

2023-07-17 14:01:46 - [MESSAGE][PASSED] - Tapped on element 'Object Repository/UAT Test/android.widget.TextView - Yes'

2023-07-17 14:01:46 - [TEST_STEP][PASSED] - closeApplication(): Close app successfully

2023-07-17 14:01:47 - [MESSAGE][PASSED] - Close app successfully]]></system-out>
         <system-err><![CDATA[]]></system-err>
      </testcase>
      <system-out><![CDATA[2023-07-17 14:00:31 - [TEST_SUITE][PASSED] - Testzz: Test Cases/Login Successfully]]></system-out>
      <system-err><![CDATA[]]></system-err>
   </testsuite>
</testsuites>
