<?xml version="1.0" encoding="UTF-8"?>
<testsuites name="Hanani" time="72.743" tests="1" failures="0" errors="0">
   <testsuite name="Hanani" tests="1" failures="0" errors="0" time="72.743" skipped="0" timestamp="2023-07-17 10:48:00" hostname="Hanani Faqihah - Hanani-Faqihah.realtek" id="Test Suites/Hanani">
      <properties>
         <property name="deviceName" value="emulator-5554 (sdk_gphone64_x86_64 - Android 14)"/>
         <property name="devicePlatform" value=""/>
         <property name="logFolder" value="C:\\Users\\User\\git\\automationtesting\\Reports\\20230717_104749\\Hanani\\20230717_104749"/>
         <property name="logFiles" value="C:\\Users\\User\\git\\automationtesting\\Reports\\20230717_104749\\Hanani\\20230717_104749\\appium.log, C:\\Users\\User\\git\\automationtesting\\Reports\\20230717_104749\\Hanani\\20230717_104749\\execution0.log"/>
         <property name="attachments" value=""/>
         <property name="hostName" value="Hanani Faqihah - Hanani-Faqihah.realtek"/>
         <property name="os" value="Windows 10 64bit"/>
         <property name="appiumServerStatus" value="{&quot;value&quot;:{&quot;build&quot;:{&quot;version&quot;:&quot;1.22.3&quot;}},&quot;sessionId&quot;:null,&quot;status&quot;:0}"/>
         <property name="katalonVersion" value="8.6.5.208"/>
         <property name="deviceOS" value="Android"/>
         <property name="appiumVersion" value="1.22.3"/>
         <property name="deviceModel" value="sdk_gphone64_x86_64"/>
         <property name="hostAddress" value="192.168.1.219"/>
         <property name="deviceManufacturer" value="Google"/>
         <property name="deviceId" value="emulator-5554"/>
         <property name="deviceName" value="emulator-5554 (sdk_gphone64_x86_64 - Android 14)"/>
         <property name="deviceOSVersion" value="14"/>
      </properties>
      <testcase name="Test Cases/Login,Logout" time="72.31" classname="Test Cases/Login,Logout" status="PASSED">
         <system-out><![CDATA[2023-07-17 10:48:01 - [TEST_CASE][PASSED] - Test Cases/Login,Logout: Test Cases/Login,Logout

2023-07-17 10:48:01 - [TEST_STEP][PASSED] - startApplication("C:\Users\User\Downloads\4.0.52.apk", true): Started app at: 'C:\Users\User\Downloads\4.0.52.apk'

2023-07-17 10:48:02 - [MESSAGE][INFO] - Detected NodeJS location: "C:\Program Files\nodejs\node.exe"

2023-07-17 10:48:04 - [MESSAGE][INFO] - Appium server started on port 64,909

2023-07-17 10:48:53 - [MESSAGE][PASSED] - Started app at: 'C:\Users\User\Downloads\4.0.52.apk'

2023-07-17 10:48:53 - [TEST_STEP][PASSED] - tap(findTestObject("Object Repository/Login/android.widget.TextView - I have an account"), 0): Tapped on element 'Object Repository/Login/android.widget.TextView - I have an account'

2023-07-17 10:48:53 - [MESSAGE][WARNING] - Timeout '0' is invalid. Using default page load timeout: '30'

2023-07-17 10:48:56 - [MESSAGE][PASSED] - Tapped on element 'Object Repository/Login/android.widget.TextView - I have an account'

2023-07-17 10:48:56 - [TEST_STEP][PASSED] - setText(findTestObject("Object Repository/Login/android.widget.EditText - Email"), "uatdemo7@ramssol.com", 0): Text 'uatdemo7@ramssol.com' has been set to element 'Object Repository/Login/android.widget.EditText - Email'

2023-07-17 10:48:56 - [MESSAGE][WARNING] - Timeout '0' is invalid. Using default page load timeout: '30'

2023-07-17 10:48:59 - [MESSAGE][PASSED] - Text 'uatdemo7@ramssol.com' has been set to element 'Object Repository/Login/android.widget.EditText - Email'

2023-07-17 10:48:59 - [TEST_STEP][PASSED] - setText(findTestObject("Object Repository/Login/android.widget.EditText - Password"), "Password01", 0): Text 'Password01' has been set to element 'Object Repository/Login/android.widget.EditText - Password'

2023-07-17 10:49:00 - [MESSAGE][WARNING] - Timeout '0' is invalid. Using default page load timeout: '30'

2023-07-17 10:49:01 - [MESSAGE][PASSED] - Text 'Password01' has been set to element 'Object Repository/Login/android.widget.EditText - Password'

2023-07-17 10:49:01 - [TEST_STEP][PASSED] - tap(findTestObject("Object Repository/Login/android.widget.Button - Log In"), 0): Tapped on element 'Object Repository/Login/android.widget.Button - Log In'

2023-07-17 10:49:01 - [MESSAGE][WARNING] - Timeout '0' is invalid. Using default page load timeout: '30'

2023-07-17 10:49:02 - [MESSAGE][PASSED] - Tapped on element 'Object Repository/Login/android.widget.Button - Log In'

2023-07-17 10:49:02 - [TEST_STEP][PASSED] - tap(findTestObject("Object Repository/Login/android.widget.ImageView"), 0): Tapped on element 'Object Repository/Login/android.widget.ImageView'

2023-07-17 10:49:02 - [MESSAGE][WARNING] - Timeout '0' is invalid. Using default page load timeout: '30'

2023-07-17 10:49:07 - [MESSAGE][PASSED] - Tapped on element 'Object Repository/Login/android.widget.ImageView'

2023-07-17 10:49:07 - [TEST_STEP][PASSED] - tap(findTestObject("Object Repository/Login/android.widget.TextView - Log Out"), 0): Tapped on element 'Object Repository/Login/android.widget.TextView - Log Out'

2023-07-17 10:49:07 - [MESSAGE][WARNING] - Timeout '0' is invalid. Using default page load timeout: '30'

2023-07-17 10:49:09 - [MESSAGE][PASSED] - Tapped on element 'Object Repository/Login/android.widget.TextView - Log Out'

2023-07-17 10:49:09 - [TEST_STEP][PASSED] - tap(findTestObject("Object Repository/Login/android.widget.TextView - Yes"), 0): Tapped on element 'Object Repository/Login/android.widget.TextView - Yes'

2023-07-17 10:49:09 - [MESSAGE][WARNING] - Timeout '0' is invalid. Using default page load timeout: '30'

2023-07-17 10:49:11 - [MESSAGE][PASSED] - Tapped on element 'Object Repository/Login/android.widget.TextView - Yes'

2023-07-17 10:49:11 - [TEST_STEP][PASSED] - closeApplication(): Close app successfully

2023-07-17 10:49:13 - [MESSAGE][PASSED] - Close app successfully]]></system-out>
         <system-err><![CDATA[]]></system-err>
      </testcase>
      <system-out><![CDATA[2023-07-17 10:48:00 - [TEST_SUITE][PASSED] - Hanani: Test Cases/Login,Logout]]></system-out>
      <system-err><![CDATA[]]></system-err>
   </testsuite>
</testsuites>
